# JRE version: OpenJDK Runtime Environment JBR-21.0.7+9-895.130-jcef (21.0.7+9) (build 21.0.7+9-b895.130)
# Java VM: OpenJDK 64-Bit Server VM JBR-21.0.7+9-895.130-jcef (21.0.7+9-b895.130, mixed mode, sharing, tiered, compressed oops, compressed class ptrs, g1 gc, windows-amd64)
GC Precious Log:
 CardTable entry size: 512
 Card Set container configuration: InlinePtr #cards 5 size 8 Array Of Cards #cards 12 size 40 Howl #buckets 4 coarsen threshold 1843 Howl Bitmap #cards 512 size 80 coarsen threshold 460 Card regions per heap region 1 cards per card region 2048
 CPUs: 12 total, 12 available
 Memory: 16236M
 Large Page Support: Disabled
 NUMA Support: Disabled
 Compressed Oops: Enabled (32-bit)
 Heap Region Size: 1M
 Heap Min Capacity: 128M
 Heap Initial Capacity: 128M
 Heap Max Capacity: 1G
 Pre-touch: Disabled
 Parallel Workers: 10
 Concurrent Workers: 3
 Concurrent Refinement Workers: 10
 Periodic GC: Disabled
Heap:
 garbage-first heap   total 147456K, used 107672K [0x00000000c0000000, 0x0000000100000000)
  region size 1024K, 4 young (4096K), 4 survivors (4096K)
 Metaspace       used 94512K, committed 96320K, reserved 1179648K
  class space    used 10622K, committed 11392K, reserved 1048576K
GC Heap History (20 events):
Event: 0.865 GC heap after
{Heap after GC invocations=4 (full 0):
 garbage-first heap   total 131072K, used 39300K [0x00000000c0000000, 0x0000000100000000)
  region size 1024K, 10 young (10240K), 10 survivors (10240K)
 Metaspace       used 32281K, committed 32960K, reserved 1114112K
  class space    used 3248K, committed 3520K, reserved 1048576K
}
Event: 0.940 GC heap before
{Heap before GC invocations=4 (full 0):
 garbage-first heap   total 131072K, used 48516K [0x00000000c0000000, 0x0000000100000000)
  region size 1024K, 21 young (21504K), 10 survivors (10240K)
 Metaspace       used 35399K, committed 36096K, reserved 1114112K
  class space    used 3582K, committed 3904K, reserved 1048576K
}
Event: 0.944 GC heap after
{Heap after GC invocations=5 (full 0):
 garbage-first heap   total 131072K, used 41763K [0x00000000c0000000, 0x0000000100000000)
  region size 1024K, 3 young (3072K), 3 survivors (3072K)
 Metaspace       used 35399K, committed 36096K, reserved 1114112K
  class space    used 3582K, committed 3904K, reserved 1048576K
}
Event: 1.274 GC heap before
{Heap before GC invocations=6 (full 0):
 garbage-first heap   total 131072K, used 93987K [0x00000000c0000000, 0x0000000100000000)
  region size 1024K, 53 young (54272K), 3 survivors (3072K)
 Metaspace       used 42441K, committed 43264K, reserved 1114112K
  class space    used 4349K, committed 4672K, reserved 1048576K
}
Event: 1.276 GC heap after
{Heap after GC invocations=7 (full 0):
 garbage-first heap   total 131072K, used 48650K [0x00000000c0000000, 0x0000000100000000)
  region size 1024K, 7 young (7168K), 7 survivors (7168K)
 Metaspace       used 42441K, committed 43264K, reserved 1114112K
  class space    used 4349K, committed 4672K, reserved 1048576K
}
Event: 1.857 GC heap before
{Heap before GC invocations=7 (full 0):
 garbage-first heap   total 131072K, used 97802K [0x00000000c0000000, 0x0000000100000000)
  region size 1024K, 57 young (58368K), 7 survivors (7168K)
 Metaspace       used 59674K, committed 60736K, reserved 1114112K
  class space    used 6410K, committed 6848K, reserved 1048576K
}
Event: 1.864 GC heap after
{Heap after GC invocations=8 (full 0):
 garbage-first heap   total 131072K, used 55846K [0x00000000c0000000, 0x0000000100000000)
  region size 1024K, 8 young (8192K), 8 survivors (8192K)
 Metaspace       used 59674K, committed 60736K, reserved 1114112K
  class space    used 6410K, committed 6848K, reserved 1048576K
}
Event: 1.880 GC heap before
{Heap before GC invocations=8 (full 0):
 garbage-first heap   total 131072K, used 56870K [0x00000000c0000000, 0x0000000100000000)
  region size 1024K, 10 young (10240K), 8 survivors (8192K)
 Metaspace       used 60015K, committed 61056K, reserved 1114112K
  class space    used 6448K, committed 6848K, reserved 1048576K
}
Event: 1.884 GC heap after
{Heap after GC invocations=9 (full 0):
 garbage-first heap   total 131072K, used 57334K [0x00000000c0000000, 0x0000000100000000)
  region size 1024K, 2 young (2048K), 2 survivors (2048K)
 Metaspace       used 60015K, committed 61056K, reserved 1114112K
  class space    used 6448K, committed 6848K, reserved 1048576K
}
Event: 2.422 GC heap before
{Heap before GC invocations=10 (full 0):
 garbage-first heap   total 131072K, used 100342K [0x00000000c0000000, 0x0000000100000000)
  region size 1024K, 45 young (46080K), 2 survivors (2048K)
 Metaspace       used 71789K, committed 73088K, reserved 1114112K
  class space    used 7780K, committed 8320K, reserved 1048576K
}
Event: 2.427 GC heap after
{Heap after GC invocations=11 (full 0):
 garbage-first heap   total 131072K, used 69407K [0x00000000c0000000, 0x0000000100000000)
  region size 1024K, 6 young (6144K), 6 survivors (6144K)
 Metaspace       used 71789K, committed 73088K, reserved 1114112K
  class space    used 7780K, committed 8320K, reserved 1048576K
}
Event: 2.557 GC heap before
{Heap before GC invocations=11 (full 0):
 garbage-first heap   total 131072K, used 109343K [0x00000000c0000000, 0x0000000100000000)
  region size 1024K, 42 young (43008K), 6 survivors (6144K)
 Metaspace       used 79607K, committed 81024K, reserved 1179648K
  class space    used 8718K, committed 9280K, reserved 1048576K
}
Event: 2.563 GC heap after
{Heap after GC invocations=12 (full 0):
 garbage-first heap   total 131072K, used 81920K [0x00000000c0000000, 0x0000000100000000)
  region size 1024K, 6 young (6144K), 6 survivors (6144K)
 Metaspace       used 79607K, committed 81024K, reserved 1179648K
  class space    used 8718K, committed 9280K, reserved 1048576K
}
Event: 2.693 GC heap before
{Heap before GC invocations=12 (full 0):
 garbage-first heap   total 131072K, used 110592K [0x00000000c0000000, 0x0000000100000000)
  region size 1024K, 34 young (34816K), 6 survivors (6144K)
 Metaspace       used 84138K, committed 85760K, reserved 1179648K
  class space    used 9290K, committed 9984K, reserved 1048576K
}
Event: 2.699 GC heap after
{Heap after GC invocations=13 (full 0):
 garbage-first heap   total 131072K, used 87730K [0x00000000c0000000, 0x0000000100000000)
  region size 1024K, 5 young (5120K), 5 survivors (5120K)
 Metaspace       used 84138K, committed 85760K, reserved 1179648K
  class space    used 9290K, committed 9984K, reserved 1048576K
}
Event: 2.830 GC heap before
{Heap before GC invocations=14 (full 0):
 garbage-first heap   total 147456K, used 112306K [0x00000000c0000000, 0x0000000100000000)
  region size 1024K, 30 young (30720K), 5 survivors (5120K)
 Metaspace       used 86158K, committed 87872K, reserved 1179648K
  class space    used 9550K, committed 10240K, reserved 1048576K
}
Event: 2.836 GC heap after
{Heap after GC invocations=15 (full 0):
 garbage-first heap   total 147456K, used 94747K [0x00000000c0000000, 0x0000000100000000)
  region size 1024K, 4 young (4096K), 4 survivors (4096K)
 Metaspace       used 86158K, committed 87872K, reserved 1179648K
  class space    used 9550K, committed 10240K, reserved 1048576K
}
Event: 2.987 GC heap before
{Heap before GC invocations=15 (full 0):
 garbage-first heap   total 147456K, used 125467K [0x00000000c0000000, 0x0000000100000000)
  region size 1024K, 35 young (35840K), 4 survivors (4096K)
 Metaspace       used 89548K, committed 91328K, reserved 1179648K
  class space    used 10003K, committed 10752K, reserved 1048576K
}
Event: 2.993 GC heap after
{Heap after GC invocations=16 (full 0):
 garbage-first heap   total 147456K, used 102400K [0x00000000c0000000, 0x0000000100000000)
  region size 1024K, 5 young (5120K), 5 survivors (5120K)
 Metaspace       used 89548K, committed 91328K, reserved 1179648K
  class space    used 10003K, committed 10752K, reserved 1048576K
}
Event: 3.169 GC heap before
{Heap before GC invocations=16 (full 0):
 garbage-first heap   total 147456K, used 128000K [0x00000000c0000000, 0x0000000100000000)
  region size 1024K, 31 young (31744K), 5 survivors (5120K)
 Metaspace       used 94512K, committed 96320K, reserved 1179648K
  class space    used 10622K, committed 11392K, reserved 1048576K
}

